SF:C:\Users\admin\Desktop\Team2_P2\DataAccess\Migrations\20201018230937_12435.cs
FN:7,System.Void DataAccess.Migrations._12435::Up(Microsoft.EntityFrameworkCore.Migrations.MigrationBuilder)
FNDA:0,System.Void DataAccess.Migrations._12435::Up(Microsoft.EntityFrameworkCore.Migrations.MigrationBuilder)
DA:8,0
DA:9,0
DA:10,0
DA:11,0
DA:12,0
DA:13,0
FN:15,System.Void DataAccess.Migrations._12435::Down(Microsoft.EntityFrameworkCore.Migrations.MigrationBuilder)
FNDA:0,System.Void DataAccess.Migrations._12435::Down(Microsoft.EntityFrameworkCore.Migrations.MigrationBuilder)
DA:16,0
DA:17,0
DA:18,0
DA:19,0
DA:20,0
DA:21,0
LF:12
LH:0
BRF:0
BRH:0
FNF:2
FNH:0
end_of_record
SF:C:\Users\admin\Desktop\Team2_P2\DataAccess\Migrations\20201018230937_12435.Designer.cs
FN:16,System.Void DataAccess.Migrations._12435::BuildTargetModel(Microsoft.EntityFrameworkCore.ModelBuilder)
FNDA:0,System.Void DataAccess.Migrations._12435::BuildTargetModel(Microsoft.EntityFrameworkCore.ModelBuilder)
DA:17,0
DA:19,0
DA:20,0
DA:21,0
DA:22,0
DA:24,0
DA:25,0
DA:26,0
DA:27,0
DA:28,0
DA:29,0
DA:30,0
DA:31,0
DA:32,0
DA:33,0
DA:34,0
DA:35,0
DA:36,0
DA:37,0
DA:38,0
DA:39,0
DA:40,0
DA:41,0
DA:42,0
DA:43,0
DA:44,0
DA:45,0
DA:46,0
DA:47,0
DA:48,0
DA:49,0
DA:51,0
DA:52,0
DA:53,0
DA:54,0
DA:55,0
DA:56,0
DA:57,0
DA:58,0
DA:59,0
DA:60,0
DA:61,0
DA:62,0
DA:63,0
DA:64,0
DA:65,0
DA:66,0
DA:67,0
DA:68,0
DA:69,0
DA:70,0
DA:71,0
DA:72,0
DA:73,0
DA:75,0
DA:76,0
DA:77,0
DA:78,0
DA:79,0
DA:80,0
DA:81,0
DA:82,0
DA:83,0
DA:84,0
DA:85,0
DA:86,0
DA:87,0
DA:88,0
DA:89,0
DA:90,0
DA:91,0
DA:92,0
DA:93,0
DA:94,0
DA:95,0
DA:96,0
DA:97,0
DA:98,0
DA:99,0
DA:100,0
DA:101,0
DA:102,0
DA:103,0
DA:104,0
DA:105,0
DA:106,0
DA:107,0
DA:108,0
DA:109,0
DA:110,0
DA:111,0
DA:112,0
DA:113,0
DA:114,0
DA:115,0
DA:116,0
DA:117,0
DA:118,0
DA:119,0
DA:120,0
DA:121,0
DA:122,0
DA:123,0
DA:124,0
DA:125,0
DA:126,0
DA:127,0
DA:128,0
DA:129,0
DA:130,0
DA:131,0
DA:132,0
DA:133,0
DA:134,0
DA:135,0
DA:136,0
DA:137,0
DA:138,0
DA:139,0
DA:140,0
DA:141,0
DA:142,0
DA:143,0
DA:144,0
DA:146,0
DA:147,0
DA:148,0
DA:149,0
DA:150,0
DA:151,0
DA:152,0
DA:153,0
DA:154,0
DA:155,0
DA:156,0
DA:157,0
DA:158,0
DA:159,0
DA:160,0
DA:161,0
DA:162,0
DA:163,0
DA:164,0
DA:165,0
DA:166,0
DA:167,0
DA:168,0
DA:170,0
DA:171,0
DA:172,0
DA:173,0
DA:174,0
DA:175,0
DA:176,0
DA:177,0
DA:178,0
DA:179,0
DA:180,0
DA:181,0
DA:182,0
DA:183,0
DA:184,0
DA:185,0
DA:186,0
DA:187,0
DA:188,0
DA:189,0
DA:190,0
DA:191,0
DA:192,0
DA:194,0
DA:195,0
DA:196,0
DA:197,0
DA:198,0
DA:199,0
DA:200,0
DA:201,0
DA:202,0
DA:203,0
DA:204,0
DA:205,0
DA:206,0
DA:207,0
DA:209,0
DA:210,0
DA:211,0
DA:212,0
DA:213,0
DA:214,0
DA:215,0
DA:216,0
DA:217,0
DA:218,0
DA:219,0
DA:220,0
DA:221,0
DA:222,0
DA:223,0
DA:224,0
DA:225,0
DA:226,0
DA:227,0
DA:228,0
DA:230,0
DA:231,0
DA:232,0
DA:233,0
DA:234,0
DA:235,0
DA:236,0
DA:237,0
DA:238,0
DA:239,0
DA:240,0
DA:241,0
DA:242,0
DA:243,0
DA:244,0
DA:245,0
DA:246,0
DA:247,0
DA:248,0
DA:249,0
DA:250,0
DA:251,0
DA:252,0
DA:253,0
DA:254,0
DA:255,0
DA:257,0
DA:258,0
DA:259,0
DA:260,0
DA:261,0
DA:262,0
DA:263,0
DA:264,0
DA:265,0
DA:266,0
DA:267,0
DA:268,0
DA:269,0
DA:270,0
DA:271,0
DA:272,0
DA:273,0
DA:274,0
DA:275,0
DA:276,0
DA:277,0
DA:278,0
DA:279,0
DA:280,0
DA:281,0
DA:282,0
DA:284,0
DA:285,0
DA:286,0
DA:287,0
DA:288,0
DA:289,0
DA:290,0
DA:291,0
DA:292,0
DA:293,0
DA:294,0
DA:295,0
DA:296,0
DA:297,0
DA:298,0
DA:299,0
DA:300,0
DA:301,0
DA:302,0
DA:303,0
DA:304,0
DA:305,0
DA:306,0
DA:307,0
DA:308,0
DA:309,0
DA:310,0
DA:311,0
DA:312,0
DA:313,0
DA:314,0
DA:315,0
DA:316,0
DA:317,0
DA:318,0
DA:320,0
DA:321,0
DA:322,0
DA:323,0
DA:324,0
DA:325,0
DA:326,0
DA:327,0
DA:328,0
DA:329,0
DA:330,0
DA:331,0
DA:332,0
DA:333,0
DA:334,0
DA:335,0
DA:336,0
DA:338,0
DA:339,0
DA:340,0
DA:341,0
DA:342,0
DA:343,0
DA:344,0
DA:345,0
DA:346,0
DA:347,0
DA:348,0
DA:349,0
DA:350,0
DA:351,0
DA:352,0
DA:353,0
DA:354,0
DA:356,0
DA:357,0
DA:358,0
DA:359,0
DA:360,0
DA:361,0
DA:362,0
DA:363,0
DA:364,0
DA:365,0
DA:366,0
DA:367,0
DA:368,0
DA:369,0
DA:370,0
DA:371,0
DA:372,0
DA:373,0
DA:374,0
DA:375,0
DA:376,0
DA:377,0
DA:378,0
DA:379,0
DA:380,0
DA:381,0
DA:382,0
DA:383,0
DA:384,0
DA:386,0
DA:387,0
DA:388,0
DA:389,0
DA:390,0
DA:391,0
DA:392,0
DA:393,0
DA:394,0
DA:395,0
DA:396,0
DA:397,0
DA:398,0
DA:399,0
DA:400,0
DA:401,0
DA:402,0
DA:403,0
DA:404,0
DA:405,0
DA:407,0
DA:408,0
DA:409,0
DA:410,0
DA:411,0
DA:412,0
DA:413,0
DA:414,0
DA:415,0
DA:416,0
DA:417,0
DA:418,0
DA:419,0
DA:420,0
DA:421,0
DA:422,0
DA:423,0
DA:425,0
DA:426,0
DA:427,0
DA:428,0
DA:429,0
DA:430,0
DA:431,0
DA:432,0
DA:433,0
DA:434,0
DA:435,0
DA:436,0
DA:437,0
DA:438,0
DA:439,0
DA:440,0
DA:441,0
DA:443,0
DA:444,0
DA:445,0
DA:446,0
DA:447,0
DA:448,0
DA:449,0
DA:450,0
DA:451,0
DA:452,0
DA:453,0
DA:454,0
DA:455,0
DA:456,0
DA:457,0
DA:459,0
DA:460,0
DA:461,0
DA:462,0
DA:463,0
DA:464,0
DA:465,0
DA:466,0
DA:468,0
DA:469,0
DA:470,0
DA:471,0
DA:472,0
DA:473,0
DA:474,0
DA:475,0
DA:477,0
DA:478,0
DA:479,0
DA:480,0
DA:481,0
DA:482,0
DA:483,0
DA:484,0
DA:486,0
DA:487,0
DA:488,0
DA:489,0
DA:490,0
DA:491,0
DA:492,0
DA:493,0
DA:494,0
DA:495,0
DA:496,0
DA:497,0
DA:498,0
DA:499,0
DA:501,0
DA:502,0
DA:503,0
DA:504,0
DA:505,0
DA:506,0
DA:507,0
DA:508,0
DA:510,0
DA:511,0
DA:512,0
DA:513,0
DA:514,0
DA:515,0
DA:516,0
DA:517,0
DA:518,0
DA:519,0
DA:521,0
LF:480
LH:0
BRF:0
BRH:0
FNF:1
FNH:0
end_of_record
SF:C:\Users\admin\Desktop\Team2_P2\DataAccess\Migrations\DatabasecontextModelSnapshot.cs
FN:14,System.Void DataAccess.Migrations.DatabasecontextModelSnapshot::BuildModel(Microsoft.EntityFrameworkCore.ModelBuilder)
FNDA:0,System.Void DataAccess.Migrations.DatabasecontextModelSnapshot::BuildModel(Microsoft.EntityFrameworkCore.ModelBuilder)
DA:15,0
DA:17,0
DA:18,0
DA:19,0
DA:20,0
DA:22,0
DA:23,0
DA:24,0
DA:25,0
DA:26,0
DA:27,0
DA:28,0
DA:29,0
DA:30,0
DA:31,0
DA:32,0
DA:33,0
DA:34,0
DA:35,0
DA:36,0
DA:37,0
DA:38,0
DA:39,0
DA:40,0
DA:41,0
DA:42,0
DA:43,0
DA:44,0
DA:45,0
DA:46,0
DA:47,0
DA:49,0
DA:50,0
DA:51,0
DA:52,0
DA:53,0
DA:54,0
DA:55,0
DA:56,0
DA:57,0
DA:58,0
DA:59,0
DA:60,0
DA:61,0
DA:62,0
DA:63,0
DA:64,0
DA:65,0
DA:66,0
DA:67,0
DA:68,0
DA:69,0
DA:70,0
DA:71,0
DA:73,0
DA:74,0
DA:75,0
DA:76,0
DA:77,0
DA:78,0
DA:79,0
DA:80,0
DA:81,0
DA:82,0
DA:83,0
DA:84,0
DA:85,0
DA:86,0
DA:87,0
DA:88,0
DA:89,0
DA:90,0
DA:91,0
DA:92,0
DA:93,0
DA:94,0
DA:95,0
DA:96,0
DA:97,0
DA:98,0
DA:99,0
DA:100,0
DA:101,0
DA:102,0
DA:103,0
DA:104,0
DA:105,0
DA:106,0
DA:107,0
DA:108,0
DA:109,0
DA:110,0
DA:111,0
DA:112,0
DA:113,0
DA:114,0
DA:115,0
DA:116,0
DA:117,0
DA:118,0
DA:119,0
DA:120,0
DA:121,0
DA:122,0
DA:123,0
DA:124,0
DA:125,0
DA:126,0
DA:127,0
DA:128,0
DA:129,0
DA:130,0
DA:131,0
DA:132,0
DA:133,0
DA:134,0
DA:135,0
DA:136,0
DA:137,0
DA:138,0
DA:139,0
DA:140,0
DA:141,0
DA:142,0
DA:144,0
DA:145,0
DA:146,0
DA:147,0
DA:148,0
DA:149,0
DA:150,0
DA:151,0
DA:152,0
DA:153,0
DA:154,0
DA:155,0
DA:156,0
DA:157,0
DA:158,0
DA:159,0
DA:160,0
DA:161,0
DA:162,0
DA:163,0
DA:164,0
DA:165,0
DA:166,0
DA:168,0
DA:169,0
DA:170,0
DA:171,0
DA:172,0
DA:173,0
DA:174,0
DA:175,0
DA:176,0
DA:177,0
DA:178,0
DA:179,0
DA:180,0
DA:181,0
DA:182,0
DA:183,0
DA:184,0
DA:185,0
DA:186,0
DA:187,0
DA:188,0
DA:189,0
DA:190,0
DA:192,0
DA:193,0
DA:194,0
DA:195,0
DA:196,0
DA:197,0
DA:198,0
DA:199,0
DA:200,0
DA:201,0
DA:202,0
DA:203,0
DA:204,0
DA:205,0
DA:207,0
DA:208,0
DA:209,0
DA:210,0
DA:211,0
DA:212,0
DA:213,0
DA:214,0
DA:215,0
DA:216,0
DA:217,0
DA:218,0
DA:219,0
DA:220,0
DA:221,0
DA:222,0
DA:223,0
DA:224,0
DA:225,0
DA:226,0
DA:228,0
DA:229,0
DA:230,0
DA:231,0
DA:232,0
DA:233,0
DA:234,0
DA:235,0
DA:236,0
DA:237,0
DA:238,0
DA:239,0
DA:240,0
DA:241,0
DA:242,0
DA:243,0
DA:244,0
DA:245,0
DA:246,0
DA:247,0
DA:248,0
DA:249,0
DA:250,0
DA:251,0
DA:252,0
DA:253,0
DA:255,0
DA:256,0
DA:257,0
DA:258,0
DA:259,0
DA:260,0
DA:261,0
DA:262,0
DA:263,0
DA:264,0
DA:265,0
DA:266,0
DA:267,0
DA:268,0
DA:269,0
DA:270,0
DA:271,0
DA:272,0
DA:273,0
DA:274,0
DA:275,0
DA:276,0
DA:277,0
DA:278,0
DA:279,0
DA:280,0
DA:282,0
DA:283,0
DA:284,0
DA:285,0
DA:286,0
DA:287,0
DA:288,0
DA:289,0
DA:290,0
DA:291,0
DA:292,0
DA:293,0
DA:294,0
DA:295,0
DA:296,0
DA:297,0
DA:298,0
DA:299,0
DA:300,0
DA:301,0
DA:302,0
DA:303,0
DA:304,0
DA:305,0
DA:306,0
DA:307,0
DA:308,0
DA:309,0
DA:310,0
DA:311,0
DA:312,0
DA:313,0
DA:314,0
DA:315,0
DA:316,0
DA:318,0
DA:319,0
DA:320,0
DA:321,0
DA:322,0
DA:323,0
DA:324,0
DA:325,0
DA:326,0
DA:327,0
DA:328,0
DA:329,0
DA:330,0
DA:331,0
DA:332,0
DA:333,0
DA:334,0
DA:336,0
DA:337,0
DA:338,0
DA:339,0
DA:340,0
DA:341,0
DA:342,0
DA:343,0
DA:344,0
DA:345,0
DA:346,0
DA:347,0
DA:348,0
DA:349,0
DA:350,0
DA:351,0
DA:352,0
DA:354,0
DA:355,0
DA:356,0
DA:357,0
DA:358,0
DA:359,0
DA:360,0
DA:361,0
DA:362,0
DA:363,0
DA:364,0
DA:365,0
DA:366,0
DA:367,0
DA:368,0
DA:369,0
DA:370,0
DA:371,0
DA:372,0
DA:373,0
DA:374,0
DA:375,0
DA:376,0
DA:377,0
DA:378,0
DA:379,0
DA:380,0
DA:381,0
DA:382,0
DA:384,0
DA:385,0
DA:386,0
DA:387,0
DA:388,0
DA:389,0
DA:390,0
DA:391,0
DA:392,0
DA:393,0
DA:394,0
DA:395,0
DA:396,0
DA:397,0
DA:398,0
DA:399,0
DA:400,0
DA:401,0
DA:402,0
DA:403,0
DA:405,0
DA:406,0
DA:407,0
DA:408,0
DA:409,0
DA:410,0
DA:411,0
DA:412,0
DA:413,0
DA:414,0
DA:415,0
DA:416,0
DA:417,0
DA:418,0
DA:419,0
DA:420,0
DA:421,0
DA:423,0
DA:424,0
DA:425,0
DA:426,0
DA:427,0
DA:428,0
DA:429,0
DA:430,0
DA:431,0
DA:432,0
DA:433,0
DA:434,0
DA:435,0
DA:436,0
DA:437,0
DA:438,0
DA:439,0
DA:441,0
DA:442,0
DA:443,0
DA:444,0
DA:445,0
DA:446,0
DA:447,0
DA:448,0
DA:449,0
DA:450,0
DA:451,0
DA:452,0
DA:453,0
DA:454,0
DA:455,0
DA:457,0
DA:458,0
DA:459,0
DA:460,0
DA:461,0
DA:462,0
DA:463,0
DA:464,0
DA:466,0
DA:467,0
DA:468,0
DA:469,0
DA:470,0
DA:471,0
DA:472,0
DA:473,0
DA:475,0
DA:476,0
DA:477,0
DA:478,0
DA:479,0
DA:480,0
DA:481,0
DA:482,0
DA:484,0
DA:485,0
DA:486,0
DA:487,0
DA:488,0
DA:489,0
DA:490,0
DA:491,0
DA:492,0
DA:493,0
DA:494,0
DA:495,0
DA:496,0
DA:497,0
DA:499,0
DA:500,0
DA:501,0
DA:502,0
DA:503,0
DA:504,0
DA:505,0
DA:506,0
DA:508,0
DA:509,0
DA:510,0
DA:511,0
DA:512,0
DA:513,0
DA:514,0
DA:515,0
DA:516,0
DA:517,0
DA:519,0
LF:480
LH:0
BRF:0
BRH:0
FNF:1
FNH:0
end_of_record
SF:C:\Users\admin\Desktop\Team2_P2\DataAccess\Databasecontext.cs
FN:18,System.Void DataAccess.DataAccess.Databasecontext::OnConfiguring(Microsoft.EntityFrameworkCore.DbContextOptionsBuilder)
FNDA:34,System.Void DataAccess.DataAccess.Databasecontext::OnConfiguring(Microsoft.EntityFrameworkCore.DbContextOptionsBuilder)
DA:19,34
DA:20,34
DA:21,34
DA:22,34
FN:25,System.Void DataAccess.DataAccess.Databasecontext::OnModelCreating(Microsoft.EntityFrameworkCore.ModelBuilder)
FNDA:1,System.Void DataAccess.DataAccess.Databasecontext::OnModelCreating(Microsoft.EntityFrameworkCore.ModelBuilder)
DA:26,1
DA:27,1
DA:28,1
DA:29,1
DA:30,1
DA:31,1
DA:32,1
DA:33,1
DA:34,1
DA:35,1
DA:36,1
DA:37,1
DA:38,1
DA:39,1
DA:40,1
DA:41,1
DA:42,1
DA:43,1
DA:44,1
DA:45,1
DA:46,1
DA:48,1
FN:53,Microsoft.EntityFrameworkCore.DbSet`1<Models.Models.LoginInfo> DataAccess.DataAccess.Databasecontext::get_LoginInfos()
FNDA:0,Microsoft.EntityFrameworkCore.DbSet`1<Models.Models.LoginInfo> DataAccess.DataAccess.Databasecontext::get_LoginInfos()
DA:54,0
FN:54,Microsoft.EntityFrameworkCore.DbSet`1<Models.Models.Contractor> DataAccess.DataAccess.Databasecontext::get_Contractors()
FNDA:41,Microsoft.EntityFrameworkCore.DbSet`1<Models.Models.Contractor> DataAccess.DataAccess.Databasecontext::get_Contractors()
DA:55,41
FN:56,Microsoft.EntityFrameworkCore.DbSet`1<Models.Models.Position> DataAccess.DataAccess.Databasecontext::get_Positions()
FNDA:0,Microsoft.EntityFrameworkCore.DbSet`1<Models.Models.Position> DataAccess.DataAccess.Databasecontext::get_Positions()
DA:57,0
FN:58,Microsoft.EntityFrameworkCore.DbSet`1<Models.Models.Skill> DataAccess.DataAccess.Databasecontext::get_Skills()
FNDA:42,Microsoft.EntityFrameworkCore.DbSet`1<Models.Models.Skill> DataAccess.DataAccess.Databasecontext::get_Skills()
DA:59,42
FN:59,Microsoft.EntityFrameworkCore.DbSet`1<Models.Models.Client> DataAccess.DataAccess.Databasecontext::get_Clients()
FNDA:44,Microsoft.EntityFrameworkCore.DbSet`1<Models.Models.Client> DataAccess.DataAccess.Databasecontext::get_Clients()
DA:60,44
FN:61,Microsoft.EntityFrameworkCore.DbSet`1<Models.Models.Project> DataAccess.DataAccess.Databasecontext::get_Projects()
FNDA:45,Microsoft.EntityFrameworkCore.DbSet`1<Models.Models.Project> DataAccess.DataAccess.Databasecontext::get_Projects()
DA:62,45
FN:63,Microsoft.EntityFrameworkCore.DbSet`1<Models.Models.ProjectPositions> DataAccess.DataAccess.Databasecontext::get_ProjectPositions()
FNDA:43,Microsoft.EntityFrameworkCore.DbSet`1<Models.Models.ProjectPositions> DataAccess.DataAccess.Databasecontext::get_ProjectPositions()
DA:64,43
FN:65,Microsoft.EntityFrameworkCore.DbSet`1<Models.Models.PositionNeedsSkill> DataAccess.DataAccess.Databasecontext::get_PositionNeedsSkills()
FNDA:41,Microsoft.EntityFrameworkCore.DbSet`1<Models.Models.PositionNeedsSkill> DataAccess.DataAccess.Databasecontext::get_PositionNeedsSkills()
DA:66,41
FN:69,Microsoft.EntityFrameworkCore.DbSet`1<Models.Models.HireRequest> DataAccess.DataAccess.Databasecontext::get_HireRequests()
FNDA:43,Microsoft.EntityFrameworkCore.DbSet`1<Models.Models.HireRequest> DataAccess.DataAccess.Databasecontext::get_HireRequests()
DA:70,43
FN:11,System.Void DataAccess.DataAccess.Databasecontext::.ctor(Microsoft.EntityFrameworkCore.DbContextOptions`1<DataAccess.DataAccess.Databasecontext>)
FNDA:34,System.Void DataAccess.DataAccess.Databasecontext::.ctor(Microsoft.EntityFrameworkCore.DbContextOptions`1<DataAccess.DataAccess.Databasecontext>)
DA:12,34
DA:13,34
DA:16,34
LF:38
LH:36
BRF:0
BRH:0
FNF:12
FNH:10
end_of_record
SF:C:\Users\admin\Desktop\Team2_P2\Models\ViewModels\LoginInfoVM.cs
FN:8,System.String Models.ViewModels.LoginInfoVM::get_Username()
FNDA:0,System.String Models.ViewModels.LoginInfoVM::get_Username()
DA:9,0
FN:10,System.String Models.ViewModels.LoginInfoVM::get_Email()
FNDA:0,System.String Models.ViewModels.LoginInfoVM::get_Email()
DA:11,0
FN:11,System.String Models.ViewModels.LoginInfoVM::get_Password()
FNDA:0,System.String Models.ViewModels.LoginInfoVM::get_Password()
DA:12,0
FN:13,System.String Models.ViewModels.LoginInfoVM::get_Firstname()
FNDA:0,System.String Models.ViewModels.LoginInfoVM::get_Firstname()
DA:14,0
FN:15,System.String Models.ViewModels.LoginInfoVM::get_Lastname()
FNDA:0,System.String Models.ViewModels.LoginInfoVM::get_Lastname()
DA:16,0
FN:17,System.String Models.ViewModels.LoginInfoVM::get_AccountType()
FNDA:0,System.String Models.ViewModels.LoginInfoVM::get_AccountType()
DA:18,0
LF:6
LH:0
BRF:0
BRH:0
FNF:6
FNH:0
end_of_record
SF:C:\Users\admin\Desktop\Team2_P2\Models\ViewModels\LoginVM.cs
FN:8,System.String Models.ViewModels.LoginVM::get_Username()
FNDA:0,System.String Models.ViewModels.LoginVM::get_Username()
DA:9,0
FN:10,System.String Models.ViewModels.LoginVM::get_Password()
FNDA:0,System.String Models.ViewModels.LoginVM::get_Password()
DA:11,0
LF:2
LH:0
BRF:0
BRH:0
FNF:2
FNH:0
end_of_record
SF:C:\Users\admin\Desktop\Team2_P2\Models\ViewModels\SkillsVM.cs
FN:8,System.String Models.ViewModels.SkillsVM::get_skillId()
FNDA:0,System.String Models.ViewModels.SkillsVM::get_skillId()
DA:9,0
FN:9,System.String Models.ViewModels.SkillsVM::get_skillName()
FNDA:2,System.String Models.ViewModels.SkillsVM::get_skillName()
DA:10,2
FN:10,System.String Models.ViewModels.SkillsVM::get_skillDescription()
FNDA:2,System.String Models.ViewModels.SkillsVM::get_skillDescription()
DA:11,2
LF:3
LH:2
BRF:0
BRH:0
FNF:3
FNH:2
end_of_record
SF:C:\Users\admin\Desktop\Team2_P2\Models\Models\Client.cs
FN:26,System.Int32 Models.Models.Client::get_ClientId()
FNDA:0,System.Int32 Models.Models.Client::get_ClientId()
DA:27,0
FN:27,System.String Models.Models.Client::get_Username()
FNDA:7,System.String Models.Models.Client::get_Username()
DA:28,7
FN:28,System.String Models.Models.Client::get_FirstName()
FNDA:0,System.String Models.Models.Client::get_FirstName()
DA:29,0
FN:29,System.String Models.Models.Client::get_LastName()
FNDA:0,System.String Models.Models.Client::get_LastName()
DA:30,0
FN:30,System.String Models.Models.Client::get_Description()
FNDA:0,System.String Models.Models.Client::get_Description()
DA:31,0
FN:31,System.String Models.Models.Client::get_Email()
FNDA:0,System.String Models.Models.Client::get_Email()
DA:32,0
FN:32,Models.Models.LoginInfo Models.Models.Client::get_ThisLoginInfo()
FNDA:0,Models.Models.LoginInfo Models.Models.Client::get_ThisLoginInfo()
DA:33,0
FN:17,System.Void Models.Models.Client::.ctor(System.String,System.String,System.String,System.String,System.String)
FNDA:4,System.Void Models.Models.Client::.ctor(System.String,System.String,System.String,System.String,System.String)
DA:18,4
DA:19,4
DA:20,4
DA:21,4
DA:22,4
DA:23,4
DA:24,4
DA:25,4
LF:15
LH:9
BRF:0
BRH:0
FNF:8
FNH:2
end_of_record
SF:C:\Users\admin\Desktop\Team2_P2\Models\Models\Contractor.cs
FN:29,System.Int32 Models.Models.Contractor::get_ContractorId()
FNDA:0,System.Int32 Models.Models.Contractor::get_ContractorId()
DA:30,0
FN:30,System.String Models.Models.Contractor::get_Username()
FNDA:7,System.String Models.Models.Contractor::get_Username()
DA:31,7
FN:31,System.String Models.Models.Contractor::get_FirstName()
FNDA:0,System.String Models.Models.Contractor::get_FirstName()
DA:32,0
FN:32,System.String Models.Models.Contractor::get_LastName()
FNDA:0,System.String Models.Models.Contractor::get_LastName()
DA:33,0
FN:33,System.String Models.Models.Contractor::get_Description()
FNDA:0,System.String Models.Models.Contractor::get_Description()
DA:34,0
FN:34,System.String Models.Models.Contractor::get_Email()
FNDA:0,System.String Models.Models.Contractor::get_Email()
DA:35,0
FN:20,System.Void Models.Models.Contractor::.ctor(System.String,System.String,System.String,System.String,System.String)
FNDA:4,System.Void Models.Models.Contractor::.ctor(System.String,System.String,System.String,System.String,System.String)
DA:21,4
DA:22,4
DA:23,4
DA:24,4
DA:25,4
DA:26,4
DA:27,4
DA:28,4
LF:14
LH:9
BRF:0
BRH:0
FNF:7
FNH:2
end_of_record
SF:C:\Users\admin\Desktop\Team2_P2\Models\Models\HireRequest.cs
FN:26,System.Int32 Models.Models.HireRequest::get_HireRequestId()
FNDA:3,System.Int32 Models.Models.HireRequest::get_HireRequestId()
DA:27,3
FN:27,System.Int32 Models.Models.HireRequest::get_PositionId()
FNDA:8,System.Int32 Models.Models.HireRequest::get_PositionId()
DA:28,8
FN:28,System.String Models.Models.HireRequest::get_ClientId()
FNDA:12,System.String Models.Models.HireRequest::get_ClientId()
DA:29,12
FN:29,System.String Models.Models.HireRequest::get_ContractorId()
FNDA:11,System.String Models.Models.HireRequest::get_ContractorId()
DA:30,11
FN:30,System.String Models.Models.HireRequest::get_RequestStatus()
FNDA:2,System.String Models.Models.HireRequest::get_RequestStatus()
DA:31,2
FN:31,Models.Models.LoginInfo Models.Models.HireRequest::get_ThisClient()
FNDA:0,Models.Models.LoginInfo Models.Models.HireRequest::get_ThisClient()
DA:32,0
FN:32,Models.Models.LoginInfo Models.Models.HireRequest::get_ThisContractor()
FNDA:0,Models.Models.LoginInfo Models.Models.HireRequest::get_ThisContractor()
DA:33,0
FN:33,Models.Models.Position Models.Models.HireRequest::get_ThisPosition()
FNDA:0,Models.Models.Position Models.Models.HireRequest::get_ThisPosition()
DA:34,0
FN:18,System.Void Models.Models.HireRequest::.ctor(System.Int32,System.String,System.String)
FNDA:7,System.Void Models.Models.HireRequest::.ctor(System.Int32,System.String,System.String)
DA:19,7
DA:20,7
DA:21,7
DA:22,7
DA:23,7
DA:25,7
LF:14
LH:11
BRF:0
BRH:0
FNF:9
FNH:6
end_of_record
SF:C:\Users\admin\Desktop\Team2_P2\Models\Models\LoginInfo.cs
FN:16,System.String Models.Models.LoginInfo::get_FirstName()
FNDA:0,System.String Models.Models.LoginInfo::get_FirstName()
DA:17,0
FN:18,System.String Models.Models.LoginInfo::get_LastName()
FNDA:0,System.String Models.Models.LoginInfo::get_LastName()
DA:19,0
FN:20,System.String Models.Models.LoginInfo::get_AccountType()
FNDA:0,System.String Models.Models.LoginInfo::get_AccountType()
DA:21,0
LF:3
LH:0
BRF:0
BRH:0
FNF:3
FNH:0
end_of_record
SF:C:\Users\admin\Desktop\Team2_P2\Models\Models\Position.cs
FN:24,System.Int32 Models.Models.Position::get_PositionId()
FNDA:0,System.Int32 Models.Models.Position::get_PositionId()
DA:25,0
FN:26,System.String Models.Models.Position::get_PositionTitle()
FNDA:0,System.String Models.Models.Position::get_PositionTitle()
DA:27,0
FN:27,System.String Models.Models.Position::get_Description()
FNDA:0,System.String Models.Models.Position::get_Description()
DA:28,0
FN:17,System.Void Models.Models.Position::.ctor(System.String,System.String)
FNDA:0,System.Void Models.Models.Position::.ctor(System.String,System.String)
DA:18,0
DA:19,0
DA:21,0
DA:22,0
DA:23,0
LF:8
LH:0
BRF:0
BRH:0
FNF:4
FNH:0
end_of_record
SF:C:\Users\admin\Desktop\Team2_P2\Models\Models\PositionNeedsSkill.cs
FN:21,System.Int32 Models.Models.PositionNeedsSkill::get_PositionNeedsSkillId()
FNDA:0,System.Int32 Models.Models.PositionNeedsSkill::get_PositionNeedsSkillId()
DA:22,0
FN:22,System.Int32 Models.Models.PositionNeedsSkill::get_PositionId()
FNDA:6,System.Int32 Models.Models.PositionNeedsSkill::get_PositionId()
DA:23,6
FN:23,System.Int32 Models.Models.PositionNeedsSkill::get_SkillId()
FNDA:0,System.Int32 Models.Models.PositionNeedsSkill::get_SkillId()
DA:24,0
FN:24,Models.Models.Position Models.Models.PositionNeedsSkill::get_ThisPosition()
FNDA:0,Models.Models.Position Models.Models.PositionNeedsSkill::get_ThisPosition()
DA:25,0
FN:25,Models.Models.Skill Models.Models.PositionNeedsSkill::get_ThisSkill()
FNDA:0,Models.Models.Skill Models.Models.PositionNeedsSkill::get_ThisSkill()
DA:26,0
FN:15,System.Void Models.Models.PositionNeedsSkill::.ctor(System.Int32,System.Int32)
FNDA:4,System.Void Models.Models.PositionNeedsSkill::.ctor(System.Int32,System.Int32)
DA:16,4
DA:17,4
DA:18,4
DA:19,4
DA:20,4
LF:10
LH:6
BRF:0
BRH:0
FNF:6
FNH:2
end_of_record
SF:C:\Users\admin\Desktop\Team2_P2\Models\Models\Project.cs
FN:33,System.Int32 Models.Models.Project::get_ProjectId()
FNDA:14,System.Int32 Models.Models.Project::get_ProjectId()
DA:34,14
FN:34,System.String Models.Models.Project::get_UserId()
FNDA:0,System.String Models.Models.Project::get_UserId()
DA:35,0
FN:35,System.DateTime Models.Models.Project::get_StartDate()
FNDA:0,System.DateTime Models.Models.Project::get_StartDate()
DA:36,0
FN:36,System.DateTime Models.Models.Project::get_EndDate()
FNDA:0,System.DateTime Models.Models.Project::get_EndDate()
DA:37,0
FN:37,System.Double Models.Models.Project::get_PaymentOffered()
FNDA:17,System.Double Models.Models.Project::get_PaymentOffered()
DA:38,17
FN:38,System.String Models.Models.Project::get_ProjectName()
FNDA:0,System.String Models.Models.Project::get_ProjectName()
DA:39,0
FN:39,Models.Models.LoginInfo Models.Models.Project::get_ThisUser()
FNDA:0,Models.Models.LoginInfo Models.Models.Project::get_ThisUser()
DA:40,0
FN:41,System.String Models.Models.Project::get_Description()
FNDA:0,System.String Models.Models.Project::get_Description()
DA:42,0
FN:23,System.Void Models.Models.Project::.ctor(System.String,System.DateTime,System.DateTime,System.Double,System.String,System.String)
FNDA:8,System.Void Models.Models.Project::.ctor(System.String,System.DateTime,System.DateTime,System.Double,System.String,System.String)
DA:24,8
DA:25,8
DA:26,8
DA:27,8
DA:28,8
DA:29,8
DA:30,8
DA:31,8
DA:32,8
LF:17
LH:11
BRF:0
BRH:0
FNF:9
FNH:3
end_of_record
SF:C:\Users\admin\Desktop\Team2_P2\Models\Models\ProjectPositions.cs
FN:11,System.Int32 Models.Models.ProjectPositions::get_ProjectPositionsId()
FNDA:4,System.Int32 Models.Models.ProjectPositions::get_ProjectPositionsId()
DA:12,4
FN:12,System.Int32 Models.Models.ProjectPositions::get_ProjectId()
FNDA:6,System.Int32 Models.Models.ProjectPositions::get_ProjectId()
DA:13,6
FN:14,System.Int32 Models.Models.ProjectPositions::get_PositionId()
FNDA:0,System.Int32 Models.Models.ProjectPositions::get_PositionId()
DA:15,0
FN:16,System.String Models.Models.ProjectPositions::get_ContractorId()
FNDA:0,System.String Models.Models.ProjectPositions::get_ContractorId()
DA:17,0
LF:4
LH:2
BRF:0
BRH:0
FNF:4
FNH:2
end_of_record
SF:C:\Users\admin\Desktop\Team2_P2\Models\Models\Skill.cs
FN:13,System.Int32 Models.Models.Skill::get_SkillId()
FNDA:4,System.Int32 Models.Models.Skill::get_SkillId()
DA:14,4
FN:14,System.String Models.Models.Skill::get_SkillName()
FNDA:0,System.String Models.Models.Skill::get_SkillName()
DA:15,0
FN:15,System.String Models.Models.Skill::get_Description()
FNDA:5,System.String Models.Models.Skill::get_Description()
DA:16,5
LF:3
LH:2
BRF:0
BRH:0
FNF:3
FNH:2
end_of_record
SF:C:\Users\admin\Desktop\Team2_P2\Models\Models\StripeCharge.cs
FN:9,System.Int64 Models.Models.StripeCharge::get_Amount()
FNDA:0,System.Int64 Models.Models.StripeCharge::get_Amount()
DA:10,0
FN:10,System.String Models.Models.StripeCharge::get_Currency()
FNDA:0,System.String Models.Models.StripeCharge::get_Currency()
DA:11,0
FN:11,System.String Models.Models.StripeCharge::get_Source()
FNDA:0,System.String Models.Models.StripeCharge::get_Source()
DA:12,0
FN:12,System.String Models.Models.StripeCharge::get_ReceiptEmail()
FNDA:0,System.String Models.Models.StripeCharge::get_ReceiptEmail()
DA:13,0
LF:4
LH:0
BRF:0
BRH:0
FNF:4
FNH:0
end_of_record
SF:C:\Users\admin\Desktop\Team2_P2\Models\ViewModels\ClientVM.cs
FN:29,System.Int32 Models.Models.ClientVM::get_ClientId()
FNDA:0,System.Int32 Models.Models.ClientVM::get_ClientId()
DA:30,0
FN:30,System.String Models.Models.ClientVM::get_Username()
FNDA:0,System.String Models.Models.ClientVM::get_Username()
DA:31,0
FN:31,System.String Models.Models.ClientVM::get_FirstName()
FNDA:0,System.String Models.Models.ClientVM::get_FirstName()
DA:32,0
FN:32,System.String Models.Models.ClientVM::get_LastName()
FNDA:0,System.String Models.Models.ClientVM::get_LastName()
DA:33,0
FN:33,System.String Models.Models.ClientVM::get_Description()
FNDA:0,System.String Models.Models.ClientVM::get_Description()
DA:34,0
FN:34,System.String Models.Models.ClientVM::get_Email()
FNDA:0,System.String Models.Models.ClientVM::get_Email()
DA:35,0
FN:35,System.String Models.Models.ClientVM::get_Password()
FNDA:0,System.String Models.Models.ClientVM::get_Password()
DA:36,0
FN:36,Models.Models.LoginInfo Models.Models.ClientVM::get_ThisLoginInfo()
FNDA:0,Models.Models.LoginInfo Models.Models.ClientVM::get_ThisLoginInfo()
DA:37,0
FN:37,System.Collections.Generic.List`1<Models.Models.Skill> Models.Models.ClientVM::get_Skills()
FNDA:0,System.Collections.Generic.List`1<Models.Models.Skill> Models.Models.ClientVM::get_Skills()
DA:38,0
FN:38,System.Collections.Generic.List`1<Models.Models.Position> Models.Models.ClientVM::get_CurrentPositions()
FNDA:0,System.Collections.Generic.List`1<Models.Models.Position> Models.Models.ClientVM::get_CurrentPositions()
DA:39,0
FN:20,System.Void Models.Models.ClientVM::.ctor(System.String,System.String,System.String,System.String,System.String)
FNDA:0,System.Void Models.Models.ClientVM::.ctor(System.String,System.String,System.String,System.String,System.String)
DA:21,0
DA:22,0
DA:23,0
DA:24,0
DA:25,0
DA:26,0
DA:27,0
DA:28,0
LF:18
LH:0
BRF:0
BRH:0
FNF:11
FNH:0
end_of_record
SF:C:\Users\admin\Desktop\Team2_P2\Models\ViewModels\ContractorVM.cs
FN:29,System.Int32 Models.Models.ContractorVM::get_ContractorId()
FNDA:0,System.Int32 Models.Models.ContractorVM::get_ContractorId()
DA:30,0
FN:30,System.String Models.Models.ContractorVM::get_Username()
FNDA:0,System.String Models.Models.ContractorVM::get_Username()
DA:31,0
FN:31,System.String Models.Models.ContractorVM::get_FirstName()
FNDA:0,System.String Models.Models.ContractorVM::get_FirstName()
DA:32,0
FN:32,System.String Models.Models.ContractorVM::get_LastName()
FNDA:0,System.String Models.Models.ContractorVM::get_LastName()
DA:33,0
FN:33,System.String Models.Models.ContractorVM::get_Description()
FNDA:0,System.String Models.Models.ContractorVM::get_Description()
DA:34,0
FN:34,System.String Models.Models.ContractorVM::get_Email()
FNDA:0,System.String Models.Models.ContractorVM::get_Email()
DA:35,0
FN:35,System.String Models.Models.ContractorVM::get_Password()
FNDA:0,System.String Models.Models.ContractorVM::get_Password()
DA:36,0
FN:36,Models.Models.LoginInfo Models.Models.ContractorVM::get_ThisLoginInfo()
FNDA:0,Models.Models.LoginInfo Models.Models.ContractorVM::get_ThisLoginInfo()
DA:37,0
FN:37,System.Collections.Generic.List`1<Models.Models.Project> Models.Models.ContractorVM::get_Projects()
FNDA:0,System.Collections.Generic.List`1<Models.Models.Project> Models.Models.ContractorVM::get_Projects()
DA:38,0
FN:20,System.Void Models.Models.ContractorVM::.ctor(System.String,System.String,System.String,System.String,System.String)
FNDA:0,System.Void Models.Models.ContractorVM::.ctor(System.String,System.String,System.String,System.String,System.String)
DA:21,0
DA:22,0
DA:23,0
DA:24,0
DA:25,0
DA:26,0
DA:27,0
DA:28,0
LF:17
LH:0
BRF:0
BRH:0
FNF:10
FNH:0
end_of_record
SF:C:\Users\admin\Desktop\Team2_P2\Models\ViewModels\PositionVM.cs
FN:11,System.Int32 Models.Models.PositionVM::get_PositionId()
FNDA:0,System.Int32 Models.Models.PositionVM::get_PositionId()
DA:12,0
FN:12,System.Int32 Models.Models.PositionVM::get_ProjectId()
FNDA:0,System.Int32 Models.Models.PositionVM::get_ProjectId()
DA:13,0
FN:13,System.String Models.Models.PositionVM::get_ContractorId()
FNDA:0,System.String Models.Models.PositionVM::get_ContractorId()
DA:14,0
FN:14,System.String Models.Models.PositionVM::get_PositionTitle()
FNDA:0,System.String Models.Models.PositionVM::get_PositionTitle()
DA:15,0
FN:15,System.String Models.Models.PositionVM::get_Description()
FNDA:0,System.String Models.Models.PositionVM::get_Description()
DA:16,0
FN:16,Models.Models.Project Models.Models.PositionVM::get_ThisProject()
FNDA:0,Models.Models.Project Models.Models.PositionVM::get_ThisProject()
DA:17,0
FN:17,Models.Models.Contractor Models.Models.PositionVM::get_ThisContractor()
FNDA:0,Models.Models.Contractor Models.Models.PositionVM::get_ThisContractor()
DA:18,0
FN:18,System.Collections.Generic.List`1<Models.Models.Skill> Models.Models.PositionVM::get_SkillsNeeded()
FNDA:0,System.Collections.Generic.List`1<Models.Models.Skill> Models.Models.PositionVM::get_SkillsNeeded()
DA:19,0
LF:8
LH:0
BRF:0
BRH:0
FNF:8
FNH:0
end_of_record
SF:C:\Users\admin\Desktop\Team2_P2\Models\ViewModels\ProjectVM.cs
FN:28,System.Int32 Models.Models.ProjectVM::get_ProjectId()
FNDA:0,System.Int32 Models.Models.ProjectVM::get_ProjectId()
DA:29,0
FN:29,System.Int32 Models.Models.ProjectVM::get_ClientId()
FNDA:0,System.Int32 Models.Models.ProjectVM::get_ClientId()
DA:30,0
FN:30,System.DateTime Models.Models.ProjectVM::get_StartDate()
FNDA:0,System.DateTime Models.Models.ProjectVM::get_StartDate()
DA:31,0
FN:31,System.DateTime Models.Models.ProjectVM::get_EndDate()
FNDA:0,System.DateTime Models.Models.ProjectVM::get_EndDate()
DA:32,0
FN:32,System.Double Models.Models.ProjectVM::get_PaymentOffered()
FNDA:0,System.Double Models.Models.ProjectVM::get_PaymentOffered()
DA:33,0
FN:33,System.String Models.Models.ProjectVM::get_ProjectName()
FNDA:0,System.String Models.Models.ProjectVM::get_ProjectName()
DA:34,0
FN:19,System.Void Models.Models.ProjectVM::.ctor(System.Int32,System.DateTime,System.DateTime,System.Double,System.String)
FNDA:0,System.Void Models.Models.ProjectVM::.ctor(System.Int32,System.DateTime,System.DateTime,System.Double,System.String)
DA:20,0
DA:21,0
DA:22,0
DA:23,0
DA:24,0
DA:25,0
DA:26,0
DA:27,0
LF:14
LH:0
BRF:0
BRH:0
FNF:7
FNH:0
end_of_record
SF:C:\Users\admin\Desktop\Team2_P2\p2API\Program.cs
FN:14,System.Void p2API.Program::Main(System.String[])
FNDA:0,System.Void p2API.Program::Main(System.String[])
DA:15,0
DA:16,0
DA:17,0
FN:19,Microsoft.Extensions.Hosting.IHostBuilder p2API.Program::CreateHostBuilder(System.String[])
FNDA:0,Microsoft.Extensions.Hosting.IHostBuilder p2API.Program::CreateHostBuilder(System.String[])
DA:20,0
DA:21,0
DA:22,0
DA:23,0
DA:24,0
LF:8
LH:0
BRF:0
BRH:0
FNF:2
FNH:0
end_of_record
SF:C:\Users\admin\Desktop\Team2_P2\p2API\Startup.cs
FN:31,Microsoft.Extensions.Configuration.IConfiguration p2API.Startup::get_Configuration()
FNDA:0,Microsoft.Extensions.Configuration.IConfiguration p2API.Startup::get_Configuration()
DA:32,0
FN:35,System.Void p2API.Startup::ConfigureServices(Microsoft.Extensions.DependencyInjection.IServiceCollection)
FNDA:0,System.Void p2API.Startup::ConfigureServices(Microsoft.Extensions.DependencyInjection.IServiceCollection)
DA:36,0
DA:39,0
DA:40,0
DA:41,0
DA:42,0
DA:43,0
DA:44,0
DA:45,0
DA:46,0
DA:47,0
DA:48,0
DA:49,0
DA:50,0
DA:51,0
DA:52,0
DA:53,0
DA:55,0
DA:57,0
DA:58,0
DA:59,0
DA:60,0
DA:61,0
DA:62,0
DA:63,0
DA:64,0
DA:65,0
DA:66,0
DA:67,0
DA:68,0
DA:69,0
DA:70,0
DA:71,0
DA:72,0
DA:73,0
DA:80,0
FN:83,System.Void p2API.Startup::Configure(Microsoft.AspNetCore.Builder.IApplicationBuilder,Microsoft.AspNetCore.Hosting.IWebHostEnvironment)
FNDA:0,System.Void p2API.Startup::Configure(Microsoft.AspNetCore.Builder.IApplicationBuilder,Microsoft.AspNetCore.Hosting.IWebHostEnvironment)
DA:84,0
DA:85,0
DA:86,0
DA:87,0
DA:88,0
DA:90,0
DA:91,0
DA:93,0
DA:95,0
DA:97,0
DA:99,0
DA:100,0
DA:101,0
DA:102,0
DA:103,0
BRDA:85,9,0,0
BRDA:85,9,1,0
FN:26,System.Void p2API.Startup::.ctor(Microsoft.Extensions.Configuration.IConfiguration)
FNDA:0,System.Void p2API.Startup::.ctor(Microsoft.Extensions.Configuration.IConfiguration)
DA:27,0
DA:28,0
DA:29,0
DA:30,0
LF:55
LH:0
BRF:2
BRH:0
FNF:4
FNH:0
end_of_record
SF:C:\Users\admin\Desktop\Team2_P2\p2API\Controllers\ApplicationUserController.cs
FN:26,System.Void p2API.Controllers.ApplicationUserController::.ctor(Microsoft.AspNetCore.Identity.UserManager`1<Models.Models.LoginInfo>,Microsoft.AspNetCore.Identity.SignInManager`1<Models.Models.LoginInfo>,Microsoft.Extensions.Configuration.IConfiguration)
FNDA:0,System.Void p2API.Controllers.ApplicationUserController::.ctor(Microsoft.AspNetCore.Identity.UserManager`1<Models.Models.LoginInfo>,Microsoft.AspNetCore.Identity.SignInManager`1<Models.Models.LoginInfo>,Microsoft.Extensions.Configuration.IConfiguration)
DA:27,0
DA:28,0
DA:29,0
DA:30,0
DA:31,0
DA:32,0
FN:38,System.Void p2API.Controllers.ApplicationUserController/<PostApplicationUser>d__4::MoveNext()
FNDA:0,System.Void p2API.Controllers.ApplicationUserController/<PostApplicationUser>d__4::MoveNext()
DA:39,0
DA:40,0
DA:41,0
DA:42,0
DA:43,0
DA:44,0
DA:45,0
DA:46,0
DA:47,0
DA:50,0
DA:51,0
DA:52,0
DA:54,0
DA:55,0
DA:56,0
DA:58,0
FN:65,System.Boolean p2API.Controllers.ApplicationUserController/<>c::<GetCurrentUserProfile>b__5_0(System.Security.Claims.Claim)
FNDA:0,System.Boolean p2API.Controllers.ApplicationUserController/<>c::<GetCurrentUserProfile>b__5_0(System.Security.Claims.Claim)
DA:66,0
FN:64,System.Void p2API.Controllers.ApplicationUserController/<GetCurrentUserProfile>d__5::MoveNext()
FNDA:0,System.Void p2API.Controllers.ApplicationUserController/<GetCurrentUserProfile>d__5::MoveNext()
DA:65,0
DA:67,0
DA:68,0
DA:69,0
DA:70,0
DA:71,0
DA:72,0
DA:73,0
DA:74,0
DA:75,0
DA:76,0
DA:77,0
FN:84,System.Void p2API.Controllers.ApplicationUserController/<GetUserProfileId>d__6::MoveNext()
FNDA:0,System.Void p2API.Controllers.ApplicationUserController/<GetUserProfileId>d__6::MoveNext()
DA:85,0
DA:87,0
DA:88,0
DA:89,0
DA:90,0
DA:91,0
DA:92,0
DA:93,0
DA:94,0
DA:95,0
DA:96,0
DA:97,0
FN:103,System.Void p2API.Controllers.ApplicationUserController/<GetUserProfile>d__7::MoveNext()
FNDA:0,System.Void p2API.Controllers.ApplicationUserController/<GetUserProfile>d__7::MoveNext()
DA:104,0
DA:106,0
DA:107,0
DA:108,0
DA:109,0
DA:110,0
DA:111,0
DA:112,0
DA:113,0
DA:114,0
DA:115,0
DA:116,0
FN:121,System.Void p2API.Controllers.ApplicationUserController/<Login>d__8::MoveNext()
FNDA:0,System.Void p2API.Controllers.ApplicationUserController/<Login>d__8::MoveNext()
DA:122,0
DA:123,0
DA:124,0
DA:125,0
DA:126,0
DA:127,0
DA:128,0
DA:129,0
DA:130,0
DA:131,0
DA:132,0
DA:133,0
DA:134,0
DA:135,0
DA:136,0
DA:137,0
DA:138,0
DA:141,0
DA:142,0
BRDA:124,200,0,0
BRDA:124,200,1,0
BRDA:124,358,0,0
BRDA:124,358,1,0
LF:78
LH:0
BRF:4
BRH:0
FNF:7
FNH:0
end_of_record
SF:C:\Users\admin\Desktop\Team2_P2\p2API\Controllers\ClientsController.cs
FN:105,System.Boolean p2API.Controllers.ClientsController::ClientExists(System.Int32)
FNDA:0,System.Boolean p2API.Controllers.ClientsController::ClientExists(System.Int32)
DA:106,0
DA:107,0
DA:108,0
FN:18,System.Void p2API.Controllers.ClientsController::.ctor(DataAccess.DataAccess.Databasecontext)
FNDA:4,System.Void p2API.Controllers.ClientsController::.ctor(DataAccess.DataAccess.Databasecontext)
DA:19,4
DA:20,4
DA:21,4
DA:22,4
FN:26,System.Void p2API.Controllers.ClientsController/<GetClients>d__2::MoveNext()
FNDA:1,System.Void p2API.Controllers.ClientsController/<GetClients>d__2::MoveNext()
DA:27,1
DA:28,1
DA:29,1
FN:33,System.Void p2API.Controllers.ClientsController/<GetClient>d__3::MoveNext()
FNDA:1,System.Void p2API.Controllers.ClientsController/<GetClient>d__3::MoveNext()
DA:34,1
DA:35,1
DA:37,1
DA:38,0
DA:39,0
DA:42,1
DA:43,1
BRDA:35,72,0,0
BRDA:35,72,1,1
BRDA:37,187,0,0
BRDA:37,187,1,1
FN:81,System.Void p2API.Controllers.ClientsController/<PostClient>d__4::MoveNext()
FNDA:1,System.Void p2API.Controllers.ClientsController/<PostClient>d__4::MoveNext()
DA:82,1
DA:83,1
DA:84,1
DA:86,1
DA:87,1
FN:91,System.Void p2API.Controllers.ClientsController/<DeleteClient>d__5::MoveNext()
FNDA:1,System.Void p2API.Controllers.ClientsController/<DeleteClient>d__5::MoveNext()
DA:92,1
DA:93,1
DA:94,1
DA:95,0
DA:96,0
DA:99,1
DA:100,1
DA:102,1
DA:103,1
BRDA:93,83,0,0
BRDA:93,83,1,1
BRDA:94,198,0,0
BRDA:94,198,1,1
LF:31
LH:24
BRF:8
BRH:4
FNF:6
FNH:5
end_of_record
SF:C:\Users\admin\Desktop\Team2_P2\p2API\Controllers\ContractorsController.cs
FN:105,System.Boolean p2API.Controllers.ContractorsController::ContractorExists(System.Int32)
FNDA:0,System.Boolean p2API.Controllers.ContractorsController::ContractorExists(System.Int32)
DA:106,0
DA:107,0
DA:108,0
FN:18,System.Void p2API.Controllers.ContractorsController::.ctor(DataAccess.DataAccess.Databasecontext)
FNDA:4,System.Void p2API.Controllers.ContractorsController::.ctor(DataAccess.DataAccess.Databasecontext)
DA:19,4
DA:20,4
DA:21,4
DA:22,4
FN:26,System.Void p2API.Controllers.ContractorsController/<GetContractors>d__2::MoveNext()
FNDA:1,System.Void p2API.Controllers.ContractorsController/<GetContractors>d__2::MoveNext()
DA:27,1
DA:28,1
DA:29,1
FN:33,System.Void p2API.Controllers.ContractorsController/<GetContractor>d__3::MoveNext()
FNDA:1,System.Void p2API.Controllers.ContractorsController/<GetContractor>d__3::MoveNext()
DA:34,1
DA:35,1
DA:37,1
DA:38,0
DA:39,0
DA:42,1
DA:43,1
BRDA:35,72,0,0
BRDA:35,72,1,1
BRDA:37,187,0,0
BRDA:37,187,1,1
FN:49,System.Void p2API.Controllers.ContractorsController/<PutContractor>d__4::MoveNext()
FNDA:0,System.Void p2API.Controllers.ContractorsController/<PutContractor>d__4::MoveNext()
DA:50,0
DA:51,0
DA:52,0
DA:53,0
DA:56,0
DA:59,0
DA:60,0
DA:61,0
DA:62,0
DA:63,0
DA:64,0
DA:65,0
DA:66,0
DA:69,0
DA:70,0
DA:74,0
DA:75,0
BRDA:51,39,0,0
BRDA:51,39,1,0
BRDA:64,243,0,0
BRDA:64,243,1,0
FN:81,System.Void p2API.Controllers.ContractorsController/<PostContractor>d__5::MoveNext()
FNDA:1,System.Void p2API.Controllers.ContractorsController/<PostContractor>d__5::MoveNext()
DA:82,1
DA:83,1
DA:84,1
DA:86,1
DA:87,1
FN:91,System.Void p2API.Controllers.ContractorsController/<DeleteContractor>d__6::MoveNext()
FNDA:1,System.Void p2API.Controllers.ContractorsController/<DeleteContractor>d__6::MoveNext()
DA:92,1
DA:93,1
DA:94,1
DA:95,0
DA:96,0
DA:99,1
DA:100,1
DA:102,1
DA:103,1
BRDA:93,83,0,0
BRDA:93,83,1,1
BRDA:94,198,0,0
BRDA:94,198,1,1
LF:48
LH:24
BRF:12
BRH:4
FNF:7
FNH:5
end_of_record
SF:C:\Users\admin\Desktop\Team2_P2\p2API\Controllers\HireRequestsController.cs
FN:129,System.Boolean p2API.Controllers.HireRequestsController::HireRequestExists(System.Int32)
FNDA:0,System.Boolean p2API.Controllers.HireRequestsController::HireRequestExists(System.Int32)
DA:130,0
DA:131,0
DA:132,0
FN:18,System.Void p2API.Controllers.HireRequestsController::.ctor(DataAccess.DataAccess.Databasecontext)
FNDA:6,System.Void p2API.Controllers.HireRequestsController::.ctor(DataAccess.DataAccess.Databasecontext)
DA:19,6
DA:20,6
DA:21,6
DA:22,6
FN:25,System.Void p2API.Controllers.HireRequestsController/<GetHireRequests>d__2::MoveNext()
FNDA:1,System.Void p2API.Controllers.HireRequestsController/<GetHireRequests>d__2::MoveNext()
DA:26,1
DA:27,1
DA:28,1
FN:32,System.Void p2API.Controllers.HireRequestsController/<GetHireRequest>d__3::MoveNext()
FNDA:1,System.Void p2API.Controllers.HireRequestsController/<GetHireRequest>d__3::MoveNext()
DA:33,1
DA:34,1
DA:36,1
DA:37,0
DA:38,0
DA:41,1
DA:42,1
BRDA:34,72,0,0
BRDA:34,72,1,1
BRDA:36,187,0,0
BRDA:36,187,1,1
FN:47,System.Void p2API.Controllers.HireRequestsController/<GetClientRequest>d__4::MoveNext()
FNDA:1,System.Void p2API.Controllers.HireRequestsController/<GetClientRequest>d__4::MoveNext()
DA:48,1
DA:49,1
DA:51,1
DA:52,0
DA:53,0
DA:56,1
DA:57,1
BRDA:51,308,0,0
BRDA:51,308,1,1
FN:62,System.Void p2API.Controllers.HireRequestsController/<GetContractorRequest>d__5::MoveNext()
FNDA:1,System.Void p2API.Controllers.HireRequestsController/<GetContractorRequest>d__5::MoveNext()
DA:63,1
DA:64,1
DA:66,1
DA:67,0
DA:68,0
DA:71,1
DA:72,1
BRDA:66,308,0,0
BRDA:66,308,1,1
FN:76,System.Void p2API.Controllers.HireRequestsController/<PutHireRequest>d__6::MoveNext()
FNDA:0,System.Void p2API.Controllers.HireRequestsController/<PutHireRequest>d__6::MoveNext()
DA:77,0
DA:78,0
DA:79,0
DA:80,0
DA:83,0
DA:86,0
DA:87,0
DA:88,0
DA:89,0
DA:90,0
DA:91,0
DA:92,0
DA:93,0
DA:96,0
DA:97,0
DA:101,0
DA:102,0
BRDA:78,39,0,0
BRDA:78,39,1,0
BRDA:91,243,0,0
BRDA:91,243,1,0
FN:106,System.Void p2API.Controllers.HireRequestsController/<PostHireRequest>d__7::MoveNext()
FNDA:1,System.Void p2API.Controllers.HireRequestsController/<PostHireRequest>d__7::MoveNext()
DA:107,1
DA:108,1
DA:109,1
DA:111,1
DA:112,1
FN:115,System.Void p2API.Controllers.HireRequestsController/<DeleteHireRequest>d__8::MoveNext()
FNDA:1,System.Void p2API.Controllers.HireRequestsController/<DeleteHireRequest>d__8::MoveNext()
DA:116,1
DA:117,1
DA:118,1
DA:119,0
DA:120,0
DA:123,1
DA:124,1
DA:126,1
DA:127,1
BRDA:117,83,0,0
BRDA:117,83,1,1
BRDA:118,198,0,0
BRDA:118,198,1,1
LF:62
LH:34
BRF:16
BRH:6
FNF:9
FNH:7
end_of_record
SF:C:\Users\admin\Desktop\Team2_P2\p2API\Controllers\PositionNeedsSkillsController.cs
FN:105,System.Boolean p2API.Controllers.PositionNeedsSkillsController::PositionNeedsSkillExists(System.Int32)
FNDA:0,System.Boolean p2API.Controllers.PositionNeedsSkillsController::PositionNeedsSkillExists(System.Int32)
DA:106,0
DA:107,0
DA:108,0
FN:18,System.Void p2API.Controllers.PositionNeedsSkillsController::.ctor(DataAccess.DataAccess.Databasecontext)
FNDA:4,System.Void p2API.Controllers.PositionNeedsSkillsController::.ctor(DataAccess.DataAccess.Databasecontext)
DA:19,4
DA:20,4
DA:21,4
DA:22,4
FN:26,System.Void p2API.Controllers.PositionNeedsSkillsController/<GetPositionNeedsSkills>d__2::MoveNext()
FNDA:1,System.Void p2API.Controllers.PositionNeedsSkillsController/<GetPositionNeedsSkills>d__2::MoveNext()
DA:27,1
DA:28,1
DA:29,1
FN:33,System.Void p2API.Controllers.PositionNeedsSkillsController/<GetPositionNeedsSkill>d__3::MoveNext()
FNDA:1,System.Void p2API.Controllers.PositionNeedsSkillsController/<GetPositionNeedsSkill>d__3::MoveNext()
DA:34,1
DA:35,1
DA:37,1
DA:38,0
DA:39,0
DA:42,1
DA:43,1
BRDA:35,72,0,0
BRDA:35,72,1,1
BRDA:37,187,0,0
BRDA:37,187,1,1
FN:49,System.Void p2API.Controllers.PositionNeedsSkillsController/<PutPositionNeedsSkill>d__4::MoveNext()
FNDA:0,System.Void p2API.Controllers.PositionNeedsSkillsController/<PutPositionNeedsSkill>d__4::MoveNext()
DA:50,0
DA:51,0
DA:52,0
DA:53,0
DA:56,0
DA:59,0
DA:60,0
DA:61,0
DA:62,0
DA:63,0
DA:64,0
DA:65,0
DA:66,0
DA:69,0
DA:70,0
DA:74,0
DA:75,0
BRDA:51,39,0,0
BRDA:51,39,1,0
BRDA:64,243,0,0
BRDA:64,243,1,0
FN:81,System.Void p2API.Controllers.PositionNeedsSkillsController/<PostPositionNeedsSkill>d__5::MoveNext()
FNDA:1,System.Void p2API.Controllers.PositionNeedsSkillsController/<PostPositionNeedsSkill>d__5::MoveNext()
DA:82,1
DA:83,1
DA:84,1
DA:86,1
DA:87,1
FN:91,System.Void p2API.Controllers.PositionNeedsSkillsController/<DeletePositionNeedsSkill>d__6::MoveNext()
FNDA:1,System.Void p2API.Controllers.PositionNeedsSkillsController/<DeletePositionNeedsSkill>d__6::MoveNext()
DA:92,1
DA:93,1
DA:94,1
DA:95,0
DA:96,0
DA:99,1
DA:100,1
DA:102,1
DA:103,1
BRDA:93,83,0,0
BRDA:93,83,1,1
BRDA:94,198,0,0
BRDA:94,198,1,1
LF:48
LH:24
BRF:12
BRH:4
FNF:7
FNH:5
end_of_record
SF:C:\Users\admin\Desktop\Team2_P2\p2API\Controllers\PositionsController.cs
FN:107,System.Boolean p2API.Controllers.PositionsController::PositionExists(System.Int32)
FNDA:0,System.Boolean p2API.Controllers.PositionsController::PositionExists(System.Int32)
DA:108,0
DA:109,0
DA:110,0
FN:18,System.Void p2API.Controllers.PositionsController::.ctor(DataAccess.DataAccess.Databasecontext)
FNDA:0,System.Void p2API.Controllers.PositionsController::.ctor(DataAccess.DataAccess.Databasecontext)
DA:19,0
DA:20,0
DA:21,0
DA:22,0
FN:26,System.Void p2API.Controllers.PositionsController/<GetPositions>d__2::MoveNext()
FNDA:0,System.Void p2API.Controllers.PositionsController/<GetPositions>d__2::MoveNext()
DA:27,0
DA:28,0
DA:29,0
FN:33,System.Void p2API.Controllers.PositionsController/<GetPosition>d__3::MoveNext()
FNDA:0,System.Void p2API.Controllers.PositionsController/<GetPosition>d__3::MoveNext()
DA:34,0
DA:35,0
DA:37,0
DA:38,0
DA:39,0
DA:42,0
DA:43,0
BRDA:35,72,0,0
BRDA:35,72,1,0
BRDA:37,187,0,0
BRDA:37,187,1,0
FN:51,System.Void p2API.Controllers.PositionsController/<PutPosition>d__4::MoveNext()
FNDA:0,System.Void p2API.Controllers.PositionsController/<PutPosition>d__4::MoveNext()
DA:52,0
DA:53,0
DA:54,0
DA:55,0
DA:58,0
DA:61,0
DA:62,0
DA:63,0
DA:64,0
DA:65,0
DA:66,0
DA:67,0
DA:68,0
DA:71,0
DA:72,0
DA:76,0
DA:77,0
BRDA:53,39,0,0
BRDA:53,39,1,0
BRDA:66,243,0,0
BRDA:66,243,1,0
FN:83,System.Void p2API.Controllers.PositionsController/<PostPosition>d__5::MoveNext()
FNDA:0,System.Void p2API.Controllers.PositionsController/<PostPosition>d__5::MoveNext()
DA:84,0
DA:85,0
DA:86,0
DA:88,0
DA:89,0
FN:93,System.Void p2API.Controllers.PositionsController/<DeletePosition>d__6::MoveNext()
FNDA:0,System.Void p2API.Controllers.PositionsController/<DeletePosition>d__6::MoveNext()
DA:94,0
DA:95,0
DA:96,0
DA:97,0
DA:98,0
DA:101,0
DA:102,0
DA:104,0
DA:105,0
BRDA:95,83,0,0
BRDA:95,83,1,0
BRDA:96,198,0,0
BRDA:96,198,1,0
LF:48
LH:0
BRF:12
BRH:0
FNF:7
FNH:0
end_of_record
SF:C:\Users\admin\Desktop\Team2_P2\p2API\Controllers\ProjectPositionsController.cs
FN:123,System.Boolean p2API.Controllers.ProjectPositionsController::ProjectPositionsExists(System.Int32)
FNDA:0,System.Boolean p2API.Controllers.ProjectPositionsController::ProjectPositionsExists(System.Int32)
DA:124,0
DA:125,0
DA:126,0
FN:18,System.Void p2API.Controllers.ProjectPositionsController::.ctor(DataAccess.DataAccess.Databasecontext)
FNDA:5,System.Void p2API.Controllers.ProjectPositionsController::.ctor(DataAccess.DataAccess.Databasecontext)
DA:19,5
DA:20,5
DA:21,5
DA:22,5
FN:26,System.Void p2API.Controllers.ProjectPositionsController/<GetProjectPositions>d__2::MoveNext()
FNDA:1,System.Void p2API.Controllers.ProjectPositionsController/<GetProjectPositions>d__2::MoveNext()
DA:27,1
DA:28,1
DA:29,1
FN:33,System.Void p2API.Controllers.ProjectPositionsController/<GetProjectPositions>d__3::MoveNext()
FNDA:1,System.Void p2API.Controllers.ProjectPositionsController/<GetProjectPositions>d__3::MoveNext()
DA:34,1
DA:35,1
DA:37,1
DA:38,0
DA:39,0
DA:42,1
DA:43,1
BRDA:35,72,0,0
BRDA:35,72,1,1
BRDA:37,187,0,0
BRDA:37,187,1,1
FN:46,System.Void p2API.Controllers.ProjectPositionsController/<GetPositionsByProjectId>d__4::MoveNext()
FNDA:1,System.Void p2API.Controllers.ProjectPositionsController/<GetPositionsByProjectId>d__4::MoveNext()
DA:47,1
DA:48,1
DA:50,1
DA:51,0
DA:52,0
DA:55,1
DA:56,1
BRDA:50,308,0,0
BRDA:50,308,1,1
FN:99,System.Void p2API.Controllers.ProjectPositionsController/<PostProjectPositions>d__5::MoveNext()
FNDA:1,System.Void p2API.Controllers.ProjectPositionsController/<PostProjectPositions>d__5::MoveNext()
DA:100,1
DA:101,1
DA:102,1
DA:104,1
DA:105,1
FN:109,System.Void p2API.Controllers.ProjectPositionsController/<DeleteProjectPositions>d__6::MoveNext()
FNDA:1,System.Void p2API.Controllers.ProjectPositionsController/<DeleteProjectPositions>d__6::MoveNext()
DA:110,1
DA:111,1
DA:112,1
DA:113,0
DA:114,0
DA:117,1
DA:118,1
DA:120,1
DA:121,1
BRDA:111,83,0,0
BRDA:111,83,1,1
BRDA:112,198,0,0
BRDA:112,198,1,1
LF:38
LH:29
BRF:10
BRH:5
FNF:7
FNH:6
end_of_record
SF:C:\Users\admin\Desktop\Team2_P2\p2API\Controllers\ProjectsController.cs
FN:170,System.Boolean p2API.Controllers.ProjectsController::ProjectExists(System.Int32)
FNDA:0,System.Boolean p2API.Controllers.ProjectsController::ProjectExists(System.Int32)
DA:171,0
DA:172,0
DA:173,0
FN:19,System.Void p2API.Controllers.ProjectsController::.ctor(DataAccess.DataAccess.Databasecontext)
FNDA:7,System.Void p2API.Controllers.ProjectsController::.ctor(DataAccess.DataAccess.Databasecontext)
DA:20,7
DA:21,7
DA:22,7
DA:23,7
FN:27,System.Void p2API.Controllers.ProjectsController/<GetProjects>d__2::MoveNext()
FNDA:1,System.Void p2API.Controllers.ProjectsController/<GetProjects>d__2::MoveNext()
DA:28,1
DA:29,1
DA:30,1
FN:34,System.Void p2API.Controllers.ProjectsController/<GetProject>d__3::MoveNext()
FNDA:1,System.Void p2API.Controllers.ProjectsController/<GetProject>d__3::MoveNext()
DA:35,1
DA:36,1
DA:38,1
DA:39,0
DA:40,0
DA:43,1
DA:44,1
BRDA:36,72,0,0
BRDA:36,72,1,1
BRDA:38,187,0,0
BRDA:38,187,1,1
FN:46,System.Void p2API.Controllers.ProjectsController/<GetProjectByContractor>d__4::MoveNext()
FNDA:1,System.Void p2API.Controllers.ProjectsController/<GetProjectByContractor>d__4::MoveNext()
DA:47,1
DA:48,1
DA:49,1
DA:50,5
DA:51,1
DA:52,1
DA:53,1
DA:54,1
DA:60,1
DA:61,0
DA:62,0
DA:65,1
DA:66,1
BRDA:50,697,1,1
BRDA:50,697,0,1
BRDA:60,752,0,0
BRDA:60,752,1,1
FN:69,System.Void p2API.Controllers.ProjectsController/<GetProjectByUser>d__5::MoveNext()
FNDA:1,System.Void p2API.Controllers.ProjectsController/<GetProjectByUser>d__5::MoveNext()
DA:70,1
DA:72,1
DA:76,1
DA:77,0
DA:78,0
DA:81,1
DA:82,1
BRDA:76,308,0,0
BRDA:76,308,1,1
FN:85,System.Void p2API.Controllers.ProjectsController/<GetLatestProjectByUser>d__6::MoveNext()
FNDA:1,System.Void p2API.Controllers.ProjectsController/<GetLatestProjectByUser>d__6::MoveNext()
DA:86,1
DA:88,1
DA:89,1
DA:93,1
DA:94,0
DA:95,0
DA:98,1
DA:99,1
BRDA:93,325,0,0
BRDA:93,325,1,1
FN:142,System.Void p2API.Controllers.ProjectsController/<PostProject>d__7::MoveNext()
FNDA:1,System.Void p2API.Controllers.ProjectsController/<PostProject>d__7::MoveNext()
DA:143,1
DA:145,1
DA:146,1
DA:148,1
DA:149,1
FN:156,System.Void p2API.Controllers.ProjectsController/<DeleteProject>d__8::MoveNext()
FNDA:1,System.Void p2API.Controllers.ProjectsController/<DeleteProject>d__8::MoveNext()
DA:157,1
DA:158,1
DA:159,1
DA:160,1
DA:161,1
DA:164,0
DA:165,0
DA:167,0
DA:168,1
BRDA:158,83,0,0
BRDA:158,83,1,1
BRDA:159,198,0,1
BRDA:159,198,1,0
LF:59
LH:45
BRF:16
BRH:9
FNF:9
FNH:8
end_of_record
SF:C:\Users\admin\Desktop\Team2_P2\p2API\Controllers\SkillsController.cs
FN:113,System.Boolean p2API.Controllers.SkillsController::SkillExists(System.Int32)
FNDA:0,System.Boolean p2API.Controllers.SkillsController::SkillExists(System.Int32)
DA:114,0
DA:115,0
DA:116,0
FN:19,System.Void p2API.Controllers.SkillsController::.ctor(DataAccess.DataAccess.Databasecontext)
FNDA:4,System.Void p2API.Controllers.SkillsController::.ctor(DataAccess.DataAccess.Databasecontext)
DA:20,4
DA:21,4
DA:22,4
DA:23,4
FN:27,System.Void p2API.Controllers.SkillsController/<GetSkills>d__2::MoveNext()
FNDA:1,System.Void p2API.Controllers.SkillsController/<GetSkills>d__2::MoveNext()
DA:28,1
DA:29,1
DA:30,1
FN:34,System.Void p2API.Controllers.SkillsController/<GetSkill>d__3::MoveNext()
FNDA:1,System.Void p2API.Controllers.SkillsController/<GetSkill>d__3::MoveNext()
DA:35,1
DA:36,1
DA:38,1
DA:39,0
DA:40,0
DA:43,1
DA:44,1
BRDA:36,72,0,0
BRDA:36,72,1,1
BRDA:38,187,0,0
BRDA:38,187,1,1
FN:50,System.Void p2API.Controllers.SkillsController/<PutSkill>d__4::MoveNext()
FNDA:0,System.Void p2API.Controllers.SkillsController/<PutSkill>d__4::MoveNext()
DA:51,0
DA:52,0
DA:53,0
DA:54,0
DA:57,0
DA:60,0
DA:61,0
DA:62,0
DA:63,0
DA:64,0
DA:65,0
DA:66,0
DA:67,0
DA:70,0
DA:71,0
DA:75,0
DA:76,0
BRDA:52,39,0,0
BRDA:52,39,1,0
BRDA:65,243,0,0
BRDA:65,243,1,0
FN:82,System.Void p2API.Controllers.SkillsController/<PostSkill>d__5::MoveNext()
FNDA:1,System.Void p2API.Controllers.SkillsController/<PostSkill>d__5::MoveNext()
DA:83,1
DA:85,1
DA:86,1
DA:87,1
DA:88,1
DA:89,1
DA:90,1
DA:91,1
DA:92,1
DA:94,1
DA:95,1
FN:99,System.Void p2API.Controllers.SkillsController/<DeleteSkill>d__6::MoveNext()
FNDA:1,System.Void p2API.Controllers.SkillsController/<DeleteSkill>d__6::MoveNext()
DA:100,1
DA:101,1
DA:102,1
DA:103,0
DA:104,0
DA:107,1
DA:108,1
DA:110,1
DA:111,1
BRDA:101,83,0,0
BRDA:101,83,1,1
BRDA:102,198,0,0
BRDA:102,198,1,1
LF:54
LH:30
BRF:12
BRH:4
FNF:7
FNH:5
end_of_record
SF:C:\Users\admin\Desktop\Team2_P2\p2API\Controllers\UserHasSkillsController.cs
FN:18,System.Void p2API.Controllers.UserHasSkillsController::.ctor(DataAccess.DataAccess.Databasecontext)
FNDA:0,System.Void p2API.Controllers.UserHasSkillsController::.ctor(DataAccess.DataAccess.Databasecontext)
DA:19,0
DA:20,0
DA:21,0
DA:22,0
LF:4
LH:0
BRF:0
BRH:0
FNF:1
FNH:0
end_of_record